<?xml version="1.0" encoding="UTF-8"?>
<!-- Generated by org.testng.reporters.JUnitReportReporter -->
<testsuite hostname="Rakesh" failures="0" tests="1" name="com.automation.test.MyFirstTest" time="33.646" errors="0" timestamp="18 Nov 2022 08:32:50 GMT" skipped="0">
  <testcase classname="com.automation.test.MyFirstTest" name="myTest" time="33.646"/>
</testsuite> <!-- com.automation.test.MyFirstTest -->
