<?xml version="1.0" encoding="UTF-8"?>
<!-- Generated by org.testng.reporters.JUnitReportReporter -->
<testsuite hostname="Rakesh" failures="0" tests="1" name="com.automation.test.InstaLogin" time="115.247" errors="0" timestamp="24 Nov 2022 13:42:33 GMT" skipped="0">
  <testcase classname="com.automation.test.InstaLogin" name="testinsta" time="115.247"/>
</testsuite> <!-- com.automation.test.InstaLogin -->
