<?xml version="1.0" encoding="UTF-8"?>
<!-- Generated by org.testng.reporters.JUnitReportReporter -->
<testsuite skipped="0" hostname="Rakesh" name="com.automation.test.SelectTest" tests="1" failures="0" timestamp="27 Nov 2022 14:43:42 GMT" time="45.414" errors="0">
  <testcase name="selectFromDropDown" time="45.414" classname="com.automation.test.SelectTest"/>
</testsuite> <!-- com.automation.test.SelectTest -->
